#
# There is insufficient memory for the Java Runtime Environment to continue.
# Native memory allocation (malloc) failed to allocate 1048576 bytes. Error detail: AllocateHeap
# Possible reasons:
#   The system is out of physical RAM or swap space
#   This process is running with CompressedOops enabled, and the Java Heap may be blocking the growth of the native heap
# Possible solutions:
#   Reduce memory load on the system
#   Increase physical memory or swap space
#   Check if swap backing store is full
#   Decrease Java heap size (-Xmx/-Xms)
#   Decrease number of Java threads
#   Decrease Java thread stack sizes (-Xss)
#   Set larger code cache with -XX:ReservedCodeCacheSize=
#   JVM is running with Unscaled Compressed Oops mode in which the Java heap is
#     placed in the first 4GB address space. The Java Heap base address is the
#     maximum limit for the native heap growth. Please use -XX:HeapBaseMinAddress
#     to set the Java Heap base and to place the Java Heap above 4GB virtual address.
# This output file may be truncated or incomplete.
#
#  Out of Memory Error (allocation.cpp:44), pid=30524, tid=30072
#
# JRE version: OpenJDK Runtime Environment Temurin-21.0.9+10 (21.0.9+10) (build 21.0.9+10-LTS)
# Java VM: OpenJDK 64-Bit Server VM Temurin-21.0.9+10 (21.0.9+10-LTS, mixed mode, sharing, tiered, compressed oops, compressed class ptrs, parallel gc, windows-amd64)
# No core dump will be written. Minidumps are not enabled by default on client versions of Windows
#

---------------  S U M M A R Y ------------

Command Line: --add-modules=ALL-SYSTEM --add-opens=java.base/java.util=ALL-UNNAMED --add-opens=java.base/java.lang=ALL-UNNAMED --add-opens=java.base/sun.nio.fs=ALL-UNNAMED -Declipse.application=org.eclipse.jdt.ls.core.id1 -Dosgi.bundles.defaultStartLevel=4 -Declipse.product=org.eclipse.jdt.ls.core.product -Djava.import.generatesMetadataFilesAtProjectRoot=false -DDetectVMInstallationsJob.disabled=true -Dfile.encoding=utf8 -XX:+UseParallelGC -XX:GCTimeRatio=4 -XX:AdaptiveSizePolicyWeight=90 -Dsun.zip.disableMemoryMapping=true -Xmx2G -Xms100m -Xlog:disable -javaagent:c:\Users\Himan\.vscode\extensions\redhat.java-1.52.0-win32-x64\lombok\lombok-1.18.39-4050.jar -XX:+HeapDumpOnOutOfMemoryError -XX:HeapDumpPath=c:\Users\Himan\AppData\Roaming\Code\User\workspaceStorage\aaa7330335901317ab04cd2b62485547\redhat.java -Daether.dependencyCollector.impl=bf c:\Users\Himan\.vscode\extensions\redhat.java-1.52.0-win32-x64\server\plugins\org.eclipse.equinox.launcher_1.7.100.v20251111-0406.jar -configuration c:\Users\Himan\AppData\Roaming\Code\User\globalStorage\redhat.java\1.52.0\config_win -data c:\Users\Himan\AppData\Roaming\Code\User\workspaceStorage\aaa7330335901317ab04cd2b62485547\redhat.java\jdt_ws --pipe=\\.\pipe\lsp-f605f11a8250881607030ee399c7aec7-sock

Host: AMD Ryzen 5 7640HS w/ Radeon 760M Graphics     , 12 cores, 7G,  Windows 11 , 64 bit Build 26100 (10.0.26100.7705)
Time: Fri Feb 13 17:06:47 2026 India Standard Time elapsed time: 5987.867202 seconds (0d 1h 39m 47s)

---------------  T H R E A D  ---------------

Current thread (0x0000024a8402e830):  JavaThread "Attach Listener" daemon [_thread_in_vm, id=30072, stack(0x0000009968100000,0x0000009968200000) (1024K)]

Stack: [0x0000009968100000,0x0000009968200000]
Native frames: (J=compiled Java code, j=interpreted, Vv=VM code, C=native code)
V  [jvm.dll+0x6d6e29]
V  [jvm.dll+0x8b4b76]
V  [jvm.dll+0x8b712e]
V  [jvm.dll+0x8b7813]
V  [jvm.dll+0x283d86]
V  [jvm.dll+0xc1277]
V  [jvm.dll+0x6d76d9]
V  [jvm.dll+0x133466]
V  [jvm.dll+0x3f7ea6]
V  [jvm.dll+0x85e9ad]
V  [jvm.dll+0x6d565d]
C  [ucrtbase.dll+0x37b0]
C  [KERNEL32.DLL+0x2e8d7]
C  [ntdll.dll+0x8c40c]


---------------  P R O C E S S  ---------------

Threads class SMR info:
_java_thread_list=0x0000024ae75310d0, length=39, elements={
0x0000024a83f8cf90, 0x0000024a840293c0, 0x0000024a9aa2e2b0, 0x0000024a8402b7c0,
0x0000024a8402e830, 0x0000024a84031290, 0x0000024a84031ce0, 0x0000024a84034f20,
0x0000024a8403e670, 0x0000024add029ef0, 0x0000024add14fdc0, 0x0000024ae299cda0,
0x0000024ae2866950, 0x0000024ae29a63a0, 0x0000024ae28838c0, 0x0000024ae2a67770,
0x0000024ae2b26a30, 0x0000024ae2e26e20, 0x0000024ae2e25a70, 0x0000024ae2e274b0,
0x0000024ae2e24d50, 0x0000024ae4738a10, 0x0000024ae4737cf0, 0x0000024ae4738380,
0x0000024ae47390a0, 0x0000024ae4736940, 0x0000024ae4739730, 0x0000024ae4737660,
0x0000024ae4739dc0, 0x0000024ae4736fd0, 0x0000024ae5ea2a20, 0x0000024ae5ea1670,
0x0000024ae5ea1d00, 0x0000024ae5ea3740, 0x0000024ae5ea2390, 0x0000024ae5ea30b0,
0x0000024ae4409ee0, 0x0000024ae440a570, 0x0000024ae4407780
}

Java Threads: ( => current thread )
  0x0000024a83f8cf90 JavaThread "main"                              [_thread_blocked, id=27856, stack(0x0000009967a00000,0x0000009967b00000) (1024K)]
  0x0000024a840293c0 JavaThread "Reference Handler"          daemon [_thread_blocked, id=12228, stack(0x0000009967e00000,0x0000009967f00000) (1024K)]
  0x0000024a9aa2e2b0 JavaThread "Finalizer"                  daemon [_thread_blocked, id=30700, stack(0x0000009967f00000,0x0000009968000000) (1024K)]
  0x0000024a8402b7c0 JavaThread "Signal Dispatcher"          daemon [_thread_blocked, id=28996, stack(0x0000009968000000,0x0000009968100000) (1024K)]
=>0x0000024a8402e830 JavaThread "Attach Listener"            daemon [_thread_in_vm, id=30072, stack(0x0000009968100000,0x0000009968200000) (1024K)]
  0x0000024a84031290 JavaThread "Service Thread"             daemon [_thread_blocked, id=30152, stack(0x0000009968200000,0x0000009968300000) (1024K)]
  0x0000024a84031ce0 JavaThread "Monitor Deflation Thread"   daemon [_thread_blocked, id=30552, stack(0x0000009968300000,0x0000009968400000) (1024K)]
  0x0000024a84034f20 JavaThread "C2 CompilerThread0"         daemon [_thread_blocked, id=30336, stack(0x0000009968400000,0x0000009968500000) (1024K)]
  0x0000024a8403e670 JavaThread "C1 CompilerThread0"         daemon [_thread_blocked, id=30460, stack(0x0000009968500000,0x0000009968600000) (1024K)]
  0x0000024add029ef0 JavaThread "Common-Cleaner"             daemon [_thread_blocked, id=29720, stack(0x0000009968600000,0x0000009968700000) (1024K)]
  0x0000024add14fdc0 JavaThread "Notification Thread"        daemon [_thread_blocked, id=19532, stack(0x0000009968800000,0x0000009968900000) (1024K)]
  0x0000024ae299cda0 JavaThread "Active Thread: Equinox Container: 0d9388eb-621c-477e-9057-96a3d0f281ac"        [_thread_blocked, id=31236, stack(0x0000009969000000,0x0000009969100000) (1024K)]
  0x0000024ae2866950 JavaThread "Refresh Thread: Equinox Container: 0d9388eb-621c-477e-9057-96a3d0f281ac" daemon [_thread_blocked, id=31252, stack(0x0000009969200000,0x0000009969300000) (1024K)]
  0x0000024ae29a63a0 JavaThread "Framework Event Dispatcher: Equinox Container: 0d9388eb-621c-477e-9057-96a3d0f281ac" daemon [_thread_blocked, id=31256, stack(0x0000009969300000,0x0000009969400000) (1024K)]
  0x0000024ae28838c0 JavaThread "Start Level: Equinox Container: 0d9388eb-621c-477e-9057-96a3d0f281ac" daemon [_thread_blocked, id=31260, stack(0x0000009969400000,0x0000009969500000) (1024K)]
  0x0000024ae2a67770 JavaThread "Bundle File Closer"         daemon [_thread_blocked, id=31364, stack(0x0000009969600000,0x0000009969700000) (1024K)]
  0x0000024ae2b26a30 JavaThread "SCR Component Actor"        daemon [_thread_blocked, id=31444, stack(0x0000009969700000,0x0000009969800000) (1024K)]
  0x0000024ae2e26e20 JavaThread "Worker-JM"                         [_thread_blocked, id=31448, stack(0x0000009969800000,0x0000009969900000) (1024K)]
  0x0000024ae2e25a70 JavaThread "JNA Cleaner"                daemon [_thread_blocked, id=31464, stack(0x0000009969900000,0x0000009969a00000) (1024K)]
  0x0000024ae2e274b0 JavaThread "Java indexing"              daemon [_thread_blocked, id=31552, stack(0x0000009969d00000,0x0000009969e00000) (1024K)]
  0x0000024ae2e24d50 JavaThread "Thread-1"                   daemon [_thread_in_native, id=30880, stack(0x000000996a200000,0x000000996a300000) (1024K)]
  0x0000024ae4738a10 JavaThread "Thread-2"                   daemon [_thread_in_native, id=30884, stack(0x000000996a300000,0x000000996a400000) (1024K)]
  0x0000024ae4737cf0 JavaThread "Thread-3"                   daemon [_thread_in_native, id=30888, stack(0x000000996a400000,0x000000996a500000) (1024K)]
  0x0000024ae4738380 JavaThread "Thread-4"                   daemon [_thread_in_native, id=30820, stack(0x000000996a500000,0x000000996a600000) (1024K)]
  0x0000024ae47390a0 JavaThread "Thread-5"                   daemon [_thread_in_native, id=30816, stack(0x000000996a600000,0x000000996a700000) (1024K)]
  0x0000024ae4736940 JavaThread "Thread-6"                   daemon [_thread_in_native, id=30824, stack(0x000000996a700000,0x000000996a800000) (1024K)]
  0x0000024ae4739730 JavaThread "Thread-7"                   daemon [_thread_in_native, id=30792, stack(0x000000996a800000,0x000000996a900000) (1024K)]
  0x0000024ae4737660 JavaThread "Thread-8"                   daemon [_thread_in_native, id=30788, stack(0x000000996a900000,0x000000996aa00000) (1024K)]
  0x0000024ae4739dc0 JavaThread "Thread-9"                   daemon [_thread_in_native, id=30800, stack(0x000000996aa00000,0x000000996ab00000) (1024K)]
  0x0000024ae4736fd0 JavaThread "Thread-10"                  daemon [_thread_in_native, id=30928, stack(0x000000996ab00000,0x000000996ac00000) (1024K)]
  0x0000024ae5ea2a20 JavaThread "Thread-11"                  daemon [_thread_in_native, id=30916, stack(0x000000996ac00000,0x000000996ad00000) (1024K)]
  0x0000024ae5ea1670 JavaThread "Thread-12"                  daemon [_thread_in_native, id=30908, stack(0x000000996ad00000,0x000000996ae00000) (1024K)]
  0x0000024ae5ea1d00 JavaThread "Thread-13"                  daemon [_thread_in_native, id=30752, stack(0x000000996ae00000,0x000000996af00000) (1024K)]
  0x0000024ae5ea3740 JavaThread "pool-2-thread-1"                   [_thread_blocked, id=30860, stack(0x000000996af00000,0x000000996b000000) (1024K)]
  0x0000024ae5ea2390 JavaThread "WorkspaceEventsHandler"            [_thread_blocked, id=31132, stack(0x000000996b000000,0x000000996b100000) (1024K)]
  0x0000024ae5ea30b0 JavaThread "pool-1-thread-1"                   [_thread_blocked, id=30900, stack(0x000000996b100000,0x000000996b200000) (1024K)]
  0x0000024ae4409ee0 JavaThread "Cleaner-0"                  daemon [_thread_blocked, id=31340, stack(0x000000996bf00000,0x000000996c000000) (1024K)]
  0x0000024ae440a570 JavaThread "Worker-6"                          [_thread_blocked, id=28292, stack(0x0000009967700000,0x0000009967800000) (1024K)]
  0x0000024ae4407780 JavaThread "Worker-8"                          [_thread_blocked, id=26632, stack(0x0000009967900000,0x0000009967a00000) (1024K)]
Total: 39

Other Threads:
  0x0000024adce110a0 VMThread "VM Thread"                           [id=30040, stack(0x0000009967d00000,0x0000009967e00000) (1024K)]
  0x0000024a83ff11b0 WatcherThread "VM Periodic Task Thread"        [id=30284, stack(0x0000009967c00000,0x0000009967d00000) (1024K)]
  0x0000024a83fa4900 WorkerThread "GC Thread#0"                     [id=21752, stack(0x0000009967b00000,0x0000009967c00000) (1024K)]
  0x0000024ae28e3230 WorkerThread "GC Thread#1"                     [id=30832, stack(0x0000009968a00000,0x0000009968b00000) (1024K)]
  0x0000024ae28e35d0 WorkerThread "GC Thread#2"                     [id=30836, stack(0x0000009968b00000,0x0000009968c00000) (1024K)]
  0x0000024ae28e3970 WorkerThread "GC Thread#3"                     [id=30840, stack(0x0000009968c00000,0x0000009968d00000) (1024K)]
  0x0000024ae2445740 WorkerThread "GC Thread#4"                     [id=30844, stack(0x0000009968d00000,0x0000009968e00000) (1024K)]
  0x0000024ae2445ae0 WorkerThread "GC Thread#5"                     [id=30848, stack(0x0000009968e00000,0x0000009968f00000) (1024K)]
  0x0000024ae2445e80 WorkerThread "GC Thread#6"                     [id=30852, stack(0x0000009968f00000,0x0000009969000000) (1024K)]
  0x0000024ae29662c0 WorkerThread "GC Thread#7"                     [id=31248, stack(0x0000009969100000,0x0000009969200000) (1024K)]
  0x0000024ae2709740 WorkerThread "GC Thread#8"                     [id=31356, stack(0x0000009968900000,0x0000009968a00000) (1024K)]
  0x0000024ae2709000 WorkerThread "GC Thread#9"                     [id=31360, stack(0x0000009969500000,0x0000009969600000) (1024K)]
Total: 12

Threads with active compile tasks:
Total: 0

VM state: not at safepoint (normal execution)

VM Mutex/Monitor currently owned by a thread: None

Heap address: 0x0000000080000000, size: 2048 MB, Compressed Oops mode: 32-bit

CDS archive(s) mapped at: [0x0000024a9b000000-0x0000024a9bba0000-0x0000024a9bba0000), size 12189696, SharedBaseAddress: 0x0000024a9b000000, ArchiveRelocationMode: 1.
Compressed class space mapped at: 0x0000024a9c000000-0x0000024adc000000, reserved size: 1073741824
Narrow klass base: 0x0000024a9b000000, Narrow klass shift: 0, Narrow klass range: 0x100000000

GC Precious Log:
 CardTable entry size: 512
 CPUs: 12 total, 12 available
 Memory: 7484M
 Large Page Support: Disabled
 NUMA Support: Disabled
 Compressed Oops: Enabled (32-bit)
 Alignments: Space 512K, Generation 512K, Heap 2M
 Heap Min Capacity: 100M
 Heap Initial Capacity: 100M
 Heap Max Capacity: 2G
 Pre-touch: Disabled
 Parallel Workers: 10

Heap:
 PSYoungGen      total 14848K, used 5528K [0x00000000d5580000, 0x00000000d6980000, 0x0000000100000000)
  eden space 11776K, 25% used [0x00000000d5580000,0x00000000d5863eb0,0x00000000d6100000)
  from space 3072K, 83% used [0x00000000d6680000,0x00000000d6902410,0x00000000d6980000)
  to   space 4096K, 0% used [0x00000000d6180000,0x00000000d6180000,0x00000000d6580000)
 ParOldGen       total 219136K, used 218492K [0x0000000080000000, 0x000000008d600000, 0x00000000d5580000)
  object space 219136K, 99% used [0x0000000080000000,0x000000008d55f3e8,0x000000008d600000)
 Metaspace       used 75833K, committed 77504K, reserved 1179648K
  class space    used 7904K, committed 8640K, reserved 1048576K

Card table byte_map: [0x0000024a83930000,0x0000024a83d40000] _byte_map_base: 0x0000024a83530000

Marking Bits: (ParMarkBitMap*) 0x00007ff85ade2460
 Begin Bits: [0x0000024a96430000, 0x0000024a98430000)
 End Bits:   [0x0000024a98430000, 0x0000024a9a430000)

Polling page: 0x0000024a81f60000

Metaspace:

Usage:
  Non-class:     66.34 MB used.
      Class:      7.72 MB used.
       Both:     74.06 MB used.

Virtual space:
  Non-class space:      128.00 MB reserved,      67.25 MB ( 53%) committed,  2 nodes.
      Class space:        1.00 GB reserved,       8.44 MB ( <1%) committed,  1 nodes.
             Both:        1.12 GB reserved,      75.69 MB (  7%) committed. 

Chunk freelists:
   Non-Class:  12.27 MB
       Class:  7.55 MB
        Both:  19.82 MB

MaxMetaspaceSize: unlimited
CompressedClassSpaceSize: 1.00 GB
Initial GC threshold: 21.00 MB
Current GC threshold: 97.31 MB
CDS: on
 - commit_granule_bytes: 65536.
 - commit_granule_words: 8192.
 - virtual_space_node_default_size: 8388608.
 - enlarge_chunks_in_place: 1.
 - use_allocation_guard: 0.


Internal statistics:

num_allocs_failed_limit: 11.
num_arena_births: 1382.
num_arena_deaths: 28.
num_vsnodes_births: 3.
num_vsnodes_deaths: 0.
num_space_committed: 1211.
num_space_uncommitted: 0.
num_chunks_returned_to_freelist: 45.
num_chunks_taken_from_freelist: 4872.
num_chunk_merges: 21.
num_chunk_splits: 2987.
num_chunks_enlarged: 1650.
num_inconsistent_stats: 0.

CodeHeap 'non-profiled nmethods': size=120000Kb used=14283Kb max_used=14283Kb free=105716Kb
 bounds [0x0000024a8ec50000, 0x0000024a8fa50000, 0x0000024a96180000]
CodeHeap 'profiled nmethods': size=120000Kb used=37061Kb max_used=37061Kb free=82938Kb
 bounds [0x0000024a87180000, 0x0000024a895c0000, 0x0000024a8e6b0000]
CodeHeap 'non-nmethods': size=5760Kb used=1504Kb max_used=1597Kb free=4255Kb
 bounds [0x0000024a8e6b0000, 0x0000024a8e920000, 0x0000024a8ec50000]
CodeCache: size=245760Kb, used=52848Kb, max_used=52941Kb, free=192909Kb
 total_blobs=16245, nmethods=15436, adapters=712, full_count=0
Compilation: enabled, stopped_count=0, restarted_count=0

Compilation events (20 events):
Event: 3577.486 Thread 0x0000024a8403e670 16281       3       java.util.concurrent.locks.AbstractQueuedSynchronizer$ConditionObject::await (202 bytes)
Event: 3577.523 Thread 0x0000024a8403e670 nmethod 16281 0x0000024a895ad890 code [0x0000024a895adb80, 0x0000024a895ae9b0]
Event: 3637.502 Thread 0x0000024a8403e670 16282       3       java.lang.ref.ReferenceQueue::await (15 bytes)
Event: 3637.514 Thread 0x0000024a8403e670 nmethod 16282 0x0000024a895aef90 code [0x0000024a895af140, 0x0000024a895af2e0]
Event: 3844.641 Thread 0x0000024a8403e670 16283       1       com.sun.jna.internal.Cleaner::access$200 (5 bytes)
Event: 3844.650 Thread 0x0000024a8403e670 nmethod 16283 0x0000024a8fa40810 code [0x0000024a8fa409a0, 0x0000024a8fa40a50]
Event: 3846.517 Thread 0x0000024a8403e670 16284       3       org.eclipse.jdt.ls.core.internal.ParentProcessWatcher::parentProcessStillRunning (62 bytes)
Event: 3846.533 Thread 0x0000024a8403e670 nmethod 16284 0x0000024a895af410 code [0x0000024a895af640, 0x0000024a895afd28]
Event: 3902.660 Thread 0x0000024a8403e670 16285       3       org.eclipse.core.internal.jobs.JobListeners::queueEvent (15 bytes)
Event: 3902.669 Thread 0x0000024a8403e670 nmethod 16285 0x0000024a895aff90 code [0x0000024a895b0140, 0x0000024a895b0328]
Event: 4757.310 Thread 0x0000024a84034f20 16286       4       java.util.concurrent.TimeUnit::convert (73 bytes)
Event: 4757.362 Thread 0x0000024a84034f20 nmethod 16286 0x0000024a8fa40b10 code [0x0000024a8fa40cc0, 0x0000024a8fa40e50]
Event: 5042.571 Thread 0x0000024a84034f20 16287   !   4       java.util.concurrent.locks.AbstractQueuedSynchronizer::acquire (424 bytes)
Event: 5042.879 Thread 0x0000024a84034f20 nmethod 16287 0x0000024a8fa40f90 code [0x0000024a8fa41220, 0x0000024a8fa422e0]
Event: 5285.394 Thread 0x0000024a8403e670 16288       3       java.lang.ref.ReferenceQueue::remove0 (64 bytes)
Event: 5285.401 Thread 0x0000024a8403e670 nmethod 16288 0x0000024a895b0410 code [0x0000024a895b0620, 0x0000024a895b0aa0]
Event: 5855.774 Thread 0x0000024a8403e670 16289   !   3       java.util.logging.LogManager::getUserContext (118 bytes)
Event: 5855.801 Thread 0x0000024a8403e670 nmethod 16289 0x0000024a895b0c10 code [0x0000024a895b0dc0, 0x0000024a895b1030]
Event: 5855.801 Thread 0x0000024a8403e670 16290       3       jdk.internal.access.SharedSecrets::getJavaAWTAccess (4 bytes)
Event: 5855.803 Thread 0x0000024a8403e670 nmethod 16290 0x0000024a895b1190 code [0x0000024a895b1320, 0x0000024a895b1418]

GC Heap History (20 events):
Event: 1334.395 GC heap before
{Heap before GC invocations=348 (full 3):
 PSYoungGen      total 12800K, used 12634K [0x00000000d5580000, 0x00000000d6300000, 0x0000000100000000)
  eden space 11776K, 100% used [0x00000000d5580000,0x00000000d6100000,0x00000000d6100000)
  from space 1024K, 83% used [0x00000000d6200000,0x00000000d62d6900,0x00000000d6300000)
  to   space 1024K, 0% used [0x00000000d6100000,0x00000000d6100000,0x00000000d6200000)
 ParOldGen       total 206336K, used 206287K [0x0000000080000000, 0x000000008c980000, 0x00000000d5580000)
  object space 206336K, 99% used [0x0000000080000000,0x000000008c973f60,0x000000008c980000)
 Metaspace       used 75655K, committed 77312K, reserved 1179648K
  class space    used 7900K, committed 8640K, reserved 1048576K
}
Event: 1334.396 GC heap after
{Heap after GC invocations=348 (full 3):
 PSYoungGen      total 12800K, used 256K [0x00000000d5580000, 0x00000000d6280000, 0x0000000100000000)
  eden space 11776K, 0% used [0x00000000d5580000,0x00000000d5580000,0x00000000d6100000)
  from space 1024K, 25% used [0x00000000d6100000,0x00000000d6140000,0x00000000d6200000)
  to   space 512K, 0% used [0x00000000d6200000,0x00000000d6200000,0x00000000d6280000)
 ParOldGen       total 206848K, used 206463K [0x0000000080000000, 0x000000008ca00000, 0x00000000d5580000)
  object space 206848K, 99% used [0x0000000080000000,0x000000008c99ff60,0x000000008ca00000)
 Metaspace       used 75655K, committed 77312K, reserved 1179648K
  class space    used 7900K, committed 8640K, reserved 1048576K
}
Event: 1334.411 GC heap before
{Heap before GC invocations=349 (full 3):
 PSYoungGen      total 12800K, used 12032K [0x00000000d5580000, 0x00000000d6280000, 0x0000000100000000)
  eden space 11776K, 100% used [0x00000000d5580000,0x00000000d6100000,0x00000000d6100000)
  from space 1024K, 25% used [0x00000000d6100000,0x00000000d6140000,0x00000000d6200000)
  to   space 512K, 0% used [0x00000000d6200000,0x00000000d6200000,0x00000000d6280000)
 ParOldGen       total 206848K, used 206463K [0x0000000080000000, 0x000000008ca00000, 0x00000000d5580000)
  object space 206848K, 99% used [0x0000000080000000,0x000000008c99ff60,0x000000008ca00000)
 Metaspace       used 75672K, committed 77312K, reserved 1179648K
  class space    used 7900K, committed 8640K, reserved 1048576K
}
Event: 1334.412 GC heap after
{Heap after GC invocations=349 (full 3):
 PSYoungGen      total 12288K, used 506K [0x00000000d5580000, 0x00000000d6300000, 0x0000000100000000)
  eden space 11776K, 0% used [0x00000000d5580000,0x00000000d5580000,0x00000000d6100000)
  from space 512K, 98% used [0x00000000d6200000,0x00000000d627e900,0x00000000d6280000)
  to   space 1024K, 0% used [0x00000000d6100000,0x00000000d6100000,0x00000000d6200000)
 ParOldGen       total 206848K, used 206535K [0x0000000080000000, 0x000000008ca00000, 0x00000000d5580000)
  object space 206848K, 99% used [0x0000000080000000,0x000000008c9b1f60,0x000000008ca00000)
 Metaspace       used 75672K, committed 77312K, reserved 1179648K
  class space    used 7900K, committed 8640K, reserved 1048576K
}
Event: 1334.426 GC heap before
{Heap before GC invocations=350 (full 3):
 PSYoungGen      total 12288K, used 12282K [0x00000000d5580000, 0x00000000d6300000, 0x0000000100000000)
  eden space 11776K, 100% used [0x00000000d5580000,0x00000000d6100000,0x00000000d6100000)
  from space 512K, 98% used [0x00000000d6200000,0x00000000d627e900,0x00000000d6280000)
  to   space 1024K, 0% used [0x00000000d6100000,0x00000000d6100000,0x00000000d6200000)
 ParOldGen       total 206848K, used 206535K [0x0000000080000000, 0x000000008ca00000, 0x00000000d5580000)
  object space 206848K, 99% used [0x0000000080000000,0x000000008c9b1f60,0x000000008ca00000)
 Metaspace       used 75672K, committed 77312K, reserved 1179648K
  class space    used 7900K, committed 8640K, reserved 1048576K
}
Event: 1334.427 GC heap after
{Heap after GC invocations=350 (full 3):
 PSYoungGen      total 12800K, used 698K [0x00000000d5580000, 0x00000000d6300000, 0x0000000100000000)
  eden space 11776K, 0% used [0x00000000d5580000,0x00000000d5580000,0x00000000d6100000)
  from space 1024K, 68% used [0x00000000d6100000,0x00000000d61ae900,0x00000000d6200000)
  to   space 1024K, 0% used [0x00000000d6200000,0x00000000d6200000,0x00000000d6300000)
 ParOldGen       total 206848K, used 206599K [0x0000000080000000, 0x000000008ca00000, 0x00000000d5580000)
  object space 206848K, 99% used [0x0000000080000000,0x000000008c9c1f60,0x000000008ca00000)
 Metaspace       used 75672K, committed 77312K, reserved 1179648K
  class space    used 7900K, committed 8640K, reserved 1048576K
}
Event: 1334.440 GC heap before
{Heap before GC invocations=351 (full 3):
 PSYoungGen      total 12800K, used 12474K [0x00000000d5580000, 0x00000000d6300000, 0x0000000100000000)
  eden space 11776K, 100% used [0x00000000d5580000,0x00000000d6100000,0x00000000d6100000)
  from space 1024K, 68% used [0x00000000d6100000,0x00000000d61ae900,0x00000000d6200000)
  to   space 1024K, 0% used [0x00000000d6200000,0x00000000d6200000,0x00000000d6300000)
 ParOldGen       total 206848K, used 206599K [0x0000000080000000, 0x000000008ca00000, 0x00000000d5580000)
  object space 206848K, 99% used [0x0000000080000000,0x000000008c9c1f60,0x000000008ca00000)
 Metaspace       used 75673K, committed 77312K, reserved 1179648K
  class space    used 7900K, committed 8640K, reserved 1048576K
}
Event: 1334.441 GC heap after
{Heap after GC invocations=351 (full 3):
 PSYoungGen      total 12800K, used 756K [0x00000000d5580000, 0x00000000d6300000, 0x0000000100000000)
  eden space 11776K, 0% used [0x00000000d5580000,0x00000000d5580000,0x00000000d6100000)
  from space 1024K, 73% used [0x00000000d6200000,0x00000000d62bd200,0x00000000d6300000)
  to   space 1024K, 0% used [0x00000000d6100000,0x00000000d6100000,0x00000000d6200000)
 ParOldGen       total 206848K, used 206631K [0x0000000080000000, 0x000000008ca00000, 0x00000000d5580000)
  object space 206848K, 99% used [0x0000000080000000,0x000000008c9c9f60,0x000000008ca00000)
 Metaspace       used 75673K, committed 77312K, reserved 1179648K
  class space    used 7900K, committed 8640K, reserved 1048576K
}
Event: 1334.458 GC heap before
{Heap before GC invocations=352 (full 3):
 PSYoungGen      total 12800K, used 12532K [0x00000000d5580000, 0x00000000d6300000, 0x0000000100000000)
  eden space 11776K, 100% used [0x00000000d5580000,0x00000000d6100000,0x00000000d6100000)
  from space 1024K, 73% used [0x00000000d6200000,0x00000000d62bd200,0x00000000d6300000)
  to   space 1024K, 0% used [0x00000000d6100000,0x00000000d6100000,0x00000000d6200000)
 ParOldGen       total 206848K, used 206631K [0x0000000080000000, 0x000000008ca00000, 0x00000000d5580000)
  object space 206848K, 99% used [0x0000000080000000,0x000000008c9c9f60,0x000000008ca00000)
 Metaspace       used 75673K, committed 77312K, reserved 1179648K
  class space    used 7900K, committed 8640K, reserved 1048576K
}
Event: 1334.459 GC heap after
{Heap after GC invocations=352 (full 3):
 PSYoungGen      total 12800K, used 314K [0x00000000d5580000, 0x00000000d6280000, 0x0000000100000000)
  eden space 11776K, 0% used [0x00000000d5580000,0x00000000d5580000,0x00000000d6100000)
  from space 1024K, 30% used [0x00000000d6100000,0x00000000d614e900,0x00000000d6200000)
  to   space 512K, 0% used [0x00000000d6200000,0x00000000d6200000,0x00000000d6280000)
 ParOldGen       total 206848K, used 206695K [0x0000000080000000, 0x000000008ca00000, 0x00000000d5580000)
  object space 206848K, 99% used [0x0000000080000000,0x000000008c9d9f60,0x000000008ca00000)
 Metaspace       used 75673K, committed 77312K, reserved 1179648K
  class space    used 7900K, committed 8640K, reserved 1048576K
}
Event: 1334.473 GC heap before
{Heap before GC invocations=353 (full 3):
 PSYoungGen      total 12800K, used 12090K [0x00000000d5580000, 0x00000000d6280000, 0x0000000100000000)
  eden space 11776K, 100% used [0x00000000d5580000,0x00000000d6100000,0x00000000d6100000)
  from space 1024K, 30% used [0x00000000d6100000,0x00000000d614e900,0x00000000d6200000)
  to   space 512K, 0% used [0x00000000d6200000,0x00000000d6200000,0x00000000d6280000)
 ParOldGen       total 206848K, used 206695K [0x0000000080000000, 0x000000008ca00000, 0x00000000d5580000)
  object space 206848K, 99% used [0x0000000080000000,0x000000008c9d9f60,0x000000008ca00000)
 Metaspace       used 75675K, committed 77312K, reserved 1179648K
  class space    used 7900K, committed 8640K, reserved 1048576K
}
Event: 1334.474 GC heap after
{Heap after GC invocations=353 (full 3):
 PSYoungGen      total 12288K, used 512K [0x00000000d5580000, 0x00000000d6300000, 0x0000000100000000)
  eden space 11776K, 0% used [0x00000000d5580000,0x00000000d5580000,0x00000000d6100000)
  from space 512K, 100% used [0x00000000d6200000,0x00000000d6280000,0x00000000d6280000)
  to   space 1024K, 0% used [0x00000000d6100000,0x00000000d6100000,0x00000000d6200000)
 ParOldGen       total 206848K, used 206735K [0x0000000080000000, 0x000000008ca00000, 0x00000000d5580000)
  object space 206848K, 99% used [0x0000000080000000,0x000000008c9e3f60,0x000000008ca00000)
 Metaspace       used 75675K, committed 77312K, reserved 1179648K
  class space    used 7900K, committed 8640K, reserved 1048576K
}
Event: 2735.612 GC heap before
{Heap before GC invocations=354 (full 3):
 PSYoungGen      total 12288K, used 12288K [0x00000000d5580000, 0x00000000d6300000, 0x0000000100000000)
  eden space 11776K, 100% used [0x00000000d5580000,0x00000000d6100000,0x00000000d6100000)
  from space 512K, 100% used [0x00000000d6200000,0x00000000d6280000,0x00000000d6280000)
  to   space 1024K, 0% used [0x00000000d6100000,0x00000000d6100000,0x00000000d6200000)
 ParOldGen       total 206848K, used 206735K [0x0000000080000000, 0x000000008ca00000, 0x00000000d5580000)
  object space 206848K, 99% used [0x0000000080000000,0x000000008c9e3f60,0x000000008ca00000)
 Metaspace       used 75718K, committed 77376K, reserved 1179648K
  class space    used 7903K, committed 8640K, reserved 1048576K
}
Event: 2735.655 GC heap after
{Heap after GC invocations=354 (full 3):
 PSYoungGen      total 12800K, used 1017K [0x00000000d5580000, 0x00000000d6c00000, 0x0000000100000000)
  eden space 11776K, 0% used [0x00000000d5580000,0x00000000d5580000,0x00000000d6100000)
  from space 1024K, 99% used [0x00000000d6100000,0x00000000d61fe4d0,0x00000000d6200000)
  to   space 5632K, 0% used [0x00000000d6680000,0x00000000d6680000,0x00000000d6c00000)
 ParOldGen       total 210432K, used 210374K [0x0000000080000000, 0x000000008cd80000, 0x00000000d5580000)
  object space 210432K, 99% used [0x0000000080000000,0x000000008cd719d8,0x000000008cd80000)
 Metaspace       used 75718K, committed 77376K, reserved 1179648K
  class space    used 7903K, committed 8640K, reserved 1048576K
}
Event: 2736.103 GC heap before
{Heap before GC invocations=355 (full 3):
 PSYoungGen      total 12800K, used 12401K [0x00000000d5580000, 0x00000000d6c00000, 0x0000000100000000)
  eden space 11776K, 96% used [0x00000000d5580000,0x00000000d609e230,0x00000000d6100000)
  from space 1024K, 99% used [0x00000000d6100000,0x00000000d61fe4d0,0x00000000d6200000)
  to   space 5632K, 0% used [0x00000000d6680000,0x00000000d6680000,0x00000000d6c00000)
 ParOldGen       total 210432K, used 210374K [0x0000000080000000, 0x000000008cd80000, 0x00000000d5580000)
  object space 210432K, 99% used [0x0000000080000000,0x000000008cd719d8,0x000000008cd80000)
 Metaspace       used 75749K, committed 77440K, reserved 1179648K
  class space    used 7904K, committed 8640K, reserved 1048576K
}
Event: 2736.108 GC heap after
{Heap after GC invocations=355 (full 3):
 PSYoungGen      total 17408K, used 5000K [0x00000000d5580000, 0x00000000d6c00000, 0x0000000100000000)
  eden space 11776K, 0% used [0x00000000d5580000,0x00000000d5580000,0x00000000d6100000)
  from space 5632K, 88% used [0x00000000d6680000,0x00000000d6b623b0,0x00000000d6c00000)
  to   space 5632K, 0% used [0x00000000d6100000,0x00000000d6100000,0x00000000d6680000)
 ParOldGen       total 211456K, used 211364K [0x0000000080000000, 0x000000008ce80000, 0x00000000d5580000)
  object space 211456K, 99% used [0x0000000080000000,0x000000008ce693c0,0x000000008ce80000)
 Metaspace       used 75749K, committed 77440K, reserved 1179648K
  class space    used 7904K, committed 8640K, reserved 1048576K
}
Event: 2736.237 GC heap before
{Heap before GC invocations=356 (full 3):
 PSYoungGen      total 17408K, used 16776K [0x00000000d5580000, 0x00000000d6c00000, 0x0000000100000000)
  eden space 11776K, 100% used [0x00000000d5580000,0x00000000d6100000,0x00000000d6100000)
  from space 5632K, 88% used [0x00000000d6680000,0x00000000d6b623b0,0x00000000d6c00000)
  to   space 5632K, 0% used [0x00000000d6100000,0x00000000d6100000,0x00000000d6680000)
 ParOldGen       total 211456K, used 211364K [0x0000000080000000, 0x000000008ce80000, 0x00000000d5580000)
  object space 211456K, 99% used [0x0000000080000000,0x000000008ce693c0,0x000000008ce80000)
 Metaspace       used 75765K, committed 77440K, reserved 1179648K
  class space    used 7904K, committed 8640K, reserved 1048576K
}
Event: 2736.242 GC heap after
{Heap after GC invocations=356 (full 3):
 PSYoungGen      total 17408K, used 5396K [0x00000000d5580000, 0x00000000d6c00000, 0x0000000100000000)
  eden space 11776K, 0% used [0x00000000d5580000,0x00000000d5580000,0x00000000d6100000)
  from space 5632K, 95% used [0x00000000d6100000,0x00000000d66453e0,0x00000000d6680000)
  to   space 5632K, 0% used [0x00000000d6680000,0x00000000d6680000,0x00000000d6c00000)
 ParOldGen       total 215552K, used 215272K [0x0000000080000000, 0x000000008d280000, 0x00000000d5580000)
  object space 215552K, 99% used [0x0000000080000000,0x000000008d23a158,0x000000008d280000)
 Metaspace       used 75765K, committed 77440K, reserved 1179648K
  class space    used 7904K, committed 8640K, reserved 1048576K
}
Event: 2736.304 GC heap before
{Heap before GC invocations=357 (full 3):
 PSYoungGen      total 17408K, used 17172K [0x00000000d5580000, 0x00000000d6c00000, 0x0000000100000000)
  eden space 11776K, 100% used [0x00000000d5580000,0x00000000d6100000,0x00000000d6100000)
  from space 5632K, 95% used [0x00000000d6100000,0x00000000d66453e0,0x00000000d6680000)
  to   space 5632K, 0% used [0x00000000d6680000,0x00000000d6680000,0x00000000d6c00000)
 ParOldGen       total 215552K, used 215272K [0x0000000080000000, 0x000000008d280000, 0x00000000d5580000)
  object space 215552K, 99% used [0x0000000080000000,0x000000008d23a158,0x000000008d280000)
 Metaspace       used 75773K, committed 77440K, reserved 1179648K
  class space    used 7904K, committed 8640K, reserved 1048576K
}
Event: 2736.308 GC heap after
{Heap after GC invocations=357 (full 3):
 PSYoungGen      total 14848K, used 2569K [0x00000000d5580000, 0x00000000d6980000, 0x0000000100000000)
  eden space 11776K, 0% used [0x00000000d5580000,0x00000000d5580000,0x00000000d6100000)
  from space 3072K, 83% used [0x00000000d6680000,0x00000000d6902410,0x00000000d6980000)
  to   space 4096K, 0% used [0x00000000d6180000,0x00000000d6180000,0x00000000d6580000)
 ParOldGen       total 219136K, used 218492K [0x0000000080000000, 0x000000008d600000, 0x00000000d5580000)
  object space 219136K, 99% used [0x0000000080000000,0x000000008d55f3e8,0x000000008d600000)
 Metaspace       used 75773K, committed 77440K, reserved 1179648K
  class space    used 7904K, committed 8640K, reserved 1048576K
}

Dll operation events (12 events):
Event: 0.014 Loaded shared library c:\Users\Himan\.vscode\extensions\redhat.java-1.52.0-win32-x64\jre\21.0.9-win32-x86_64\bin\java.dll
Event: 0.084 Loaded shared library c:\Users\Himan\.vscode\extensions\redhat.java-1.52.0-win32-x64\jre\21.0.9-win32-x86_64\bin\zip.dll
Event: 0.099 Loaded shared library C:\Users\Himan\.vscode\extensions\redhat.java-1.52.0-win32-x64\jre\21.0.9-win32-x86_64\bin\instrument.dll
Event: 0.104 Loaded shared library C:\Users\Himan\.vscode\extensions\redhat.java-1.52.0-win32-x64\jre\21.0.9-win32-x86_64\bin\net.dll
Event: 0.106 Loaded shared library C:\Users\Himan\.vscode\extensions\redhat.java-1.52.0-win32-x64\jre\21.0.9-win32-x86_64\bin\nio.dll
Event: 0.110 Loaded shared library C:\Users\Himan\.vscode\extensions\redhat.java-1.52.0-win32-x64\jre\21.0.9-win32-x86_64\bin\zip.dll
Event: 0.122 Loaded shared library C:\Users\Himan\.vscode\extensions\redhat.java-1.52.0-win32-x64\jre\21.0.9-win32-x86_64\bin\jimage.dll
Event: 0.178 Loaded shared library c:\Users\Himan\.vscode\extensions\redhat.java-1.52.0-win32-x64\jre\21.0.9-win32-x86_64\bin\verify.dll
Event: 1.039 Loaded shared library C:\Users\Himan\AppData\Roaming\Code\User\globalStorage\redhat.java\1.52.0\config_win\org.eclipse.equinox.launcher\org.eclipse.equinox.launcher.win32.win32.x86_64_1.2.1500.v20260121-1430\eclipse_11919.dll
Event: 2.189 Loaded shared library C:\Users\Himan\AppData\Local\Temp\jna-69729433\jna6314874162125651210.dll
Event: 1331.569 Loaded shared library C:\Users\Himan\.vscode\extensions\redhat.java-1.52.0-win32-x64\jre\21.0.9-win32-x86_64\bin\sunmscapi.dll
Event: 1331.990 Loaded shared library C:\Users\Himan\.vscode\extensions\redhat.java-1.52.0-win32-x64\jre\21.0.9-win32-x86_64\bin\extnet.dll

Deoptimization events (20 events):
Event: 2736.194 Thread 0x0000024ae5ea4460 DEOPT PACKING pc=0x0000024a8f9f54c0 sp=0x00000099678fddf0
Event: 2736.194 Thread 0x0000024ae5ea4460 DEOPT UNPACKING pc=0x0000024a8e706da2 sp=0x00000099678fdd20 mode 2
Event: 2736.206 Thread 0x0000024ae5ea4460 Uncommon trap: trap_request=0xffffffde fr.pc=0x0000024a8f9780e8 relative=0x0000000000000f68
Event: 2736.206 Thread 0x0000024ae5ea4460 Uncommon trap: reason=class_check action=maybe_recompile pc=0x0000024a8f9780e8 method=org.eclipse.jdt.internal.compiler.lookup.TypeSystem.getAnnotationType(Lorg/eclipse/jdt/internal/compiler/lookup/ReferenceBinding;Z)Lorg/eclipse/jdt/internal/compiler/loo
Event: 2736.206 Thread 0x0000024ae5ea4460 DEOPT PACKING pc=0x0000024a8f9780e8 sp=0x00000099678fca50
Event: 2736.206 Thread 0x0000024ae5ea4460 DEOPT UNPACKING pc=0x0000024a8e706da2 sp=0x00000099678fc970 mode 2
Event: 2736.207 Thread 0x0000024ae5ea4460 Uncommon trap: trap_request=0xffffffde fr.pc=0x0000024a8f8d4f10 relative=0x0000000000000070
Event: 2736.208 Thread 0x0000024ae5ea4460 Uncommon trap: reason=class_check action=maybe_recompile pc=0x0000024a8f8d4f10 method=org.eclipse.jdt.internal.core.Member.getDeclaringType()Lorg/eclipse/jdt/core/IType; @ 6 c2
Event: 2736.208 Thread 0x0000024ae5ea4460 DEOPT PACKING pc=0x0000024a8f8d4f10 sp=0x00000099678fe4d0
Event: 2736.208 Thread 0x0000024ae5ea4460 DEOPT UNPACKING pc=0x0000024a8e706da2 sp=0x00000099678fe468 mode 2
Event: 2736.218 Thread 0x0000024ae5ea4460 DEOPT PACKING pc=0x0000024a889acb84 sp=0x00000099678fe550
Event: 2736.218 Thread 0x0000024ae5ea4460 DEOPT UNPACKING pc=0x0000024a8e7078e2 sp=0x00000099678fda18 mode 0
Event: 2736.265 Thread 0x0000024ae5ea4460 Uncommon trap: trap_request=0xffffffde fr.pc=0x0000024a8f8d4f10 relative=0x0000000000000070
Event: 2736.265 Thread 0x0000024ae5ea4460 Uncommon trap: reason=class_check action=maybe_recompile pc=0x0000024a8f8d4f10 method=org.eclipse.jdt.internal.core.Member.getDeclaringType()Lorg/eclipse/jdt/core/IType; @ 6 c2
Event: 2736.265 Thread 0x0000024ae5ea4460 DEOPT PACKING pc=0x0000024a8f8d4f10 sp=0x00000099678fe4d0
Event: 2736.265 Thread 0x0000024ae5ea4460 DEOPT UNPACKING pc=0x0000024a8e706da2 sp=0x00000099678fe468 mode 2
Event: 2736.320 Thread 0x0000024ae5ea4460 Uncommon trap: trap_request=0xffffffde fr.pc=0x0000024a8f9780e8 relative=0x0000000000000f68
Event: 2736.320 Thread 0x0000024ae5ea4460 Uncommon trap: reason=class_check action=maybe_recompile pc=0x0000024a8f9780e8 method=org.eclipse.jdt.internal.compiler.lookup.TypeSystem.getAnnotationType(Lorg/eclipse/jdt/internal/compiler/lookup/ReferenceBinding;Z)Lorg/eclipse/jdt/internal/compiler/loo
Event: 2736.320 Thread 0x0000024ae5ea4460 DEOPT PACKING pc=0x0000024a8f9780e8 sp=0x00000099678fcb10
Event: 2736.320 Thread 0x0000024ae5ea4460 DEOPT UNPACKING pc=0x0000024a8e706da2 sp=0x00000099678fca30 mode 2

Classes loaded (20 events):
Event: 1332.528 Loading class sun/net/www/http/KeepAliveCache$1
Event: 1332.528 Loading class sun/net/www/http/KeepAliveCache$1 done
Event: 1332.528 Loading class sun/net/www/http/KeepAliveCache$ClientVector
Event: 1332.528 Loading class sun/net/www/http/KeepAliveCache$ClientVector done
Event: 1332.532 Loading class sun/net/www/http/KeepAliveEntry
Event: 1332.532 Loading class sun/net/www/http/KeepAliveEntry done
Event: 1333.544 Loading class sun/net/www/protocol/http/HttpURLConnection$10
Event: 1333.544 Loading class sun/net/www/protocol/http/HttpURLConnection$10 done
Event: 1333.612 Loading class sun/net/www/http/KeepAliveCleanerEntry
Event: 1333.612 Loading class sun/net/www/http/KeepAliveCleanerEntry done
Event: 1333.612 Loading class sun/net/www/http/KeepAliveStream$1
Event: 1333.613 Loading class sun/net/www/http/KeepAliveStream$1 done
Event: 1333.613 Loading class sun/net/www/http/ChunkedInputStream
Event: 1333.614 Loading class sun/net/www/http/ChunkedInputStream done
Event: 1337.532 Loading class sun/security/ssl/Alert
Event: 1337.534 Loading class sun/security/ssl/Alert done
Event: 1337.535 Loading class sun/security/ssl/Alert$AlertConsumer
Event: 1337.535 Loading class sun/security/ssl/Alert$AlertConsumer done
Event: 1337.535 Loading class sun/security/ssl/Alert$Level
Event: 1337.535 Loading class sun/security/ssl/Alert$Level done

Classes unloaded (14 events):
Event: 2.589 Thread 0x0000024adce110a0 Unloading class 0x0000024a9c1a4800 'java/lang/invoke/LambdaForm$MH+0x0000024a9c1a4800'
Event: 2.589 Thread 0x0000024adce110a0 Unloading class 0x0000024a9c1a4400 'java/lang/invoke/LambdaForm$MH+0x0000024a9c1a4400'
Event: 2.589 Thread 0x0000024adce110a0 Unloading class 0x0000024a9c1a4000 'java/lang/invoke/LambdaForm$MH+0x0000024a9c1a4000'
Event: 2.589 Thread 0x0000024adce110a0 Unloading class 0x0000024a9c1a3c00 'java/lang/invoke/LambdaForm$MH+0x0000024a9c1a3c00'
Event: 2.589 Thread 0x0000024adce110a0 Unloading class 0x0000024a9c1a3800 'java/lang/invoke/LambdaForm$BMH+0x0000024a9c1a3800'
Event: 2.589 Thread 0x0000024adce110a0 Unloading class 0x0000024a9c1a3400 'java/lang/invoke/LambdaForm$DMH+0x0000024a9c1a3400'
Event: 2.589 Thread 0x0000024adce110a0 Unloading class 0x0000024a9c1a2000 'java/lang/invoke/LambdaForm$DMH+0x0000024a9c1a2000'
Event: 9.266 Thread 0x0000024adce110a0 Unloading class 0x0000024a9c6d1800 'java/lang/invoke/LambdaForm$DMH+0x0000024a9c6d1800'
Event: 9.266 Thread 0x0000024adce110a0 Unloading class 0x0000024a9c6d1c00 'java/lang/invoke/LambdaForm$DMH+0x0000024a9c6d1c00'
Event: 9.266 Thread 0x0000024adce110a0 Unloading class 0x0000024a9c6d2400 'java/lang/invoke/LambdaForm$DMH+0x0000024a9c6d2400'
Event: 9.266 Thread 0x0000024adce110a0 Unloading class 0x0000024a9c6d2000 'java/lang/invoke/LambdaForm$DMH+0x0000024a9c6d2000'
Event: 9.266 Thread 0x0000024adce110a0 Unloading class 0x0000024a9c669400 'java/lang/invoke/LambdaForm$MH+0x0000024a9c669400'
Event: 9.266 Thread 0x0000024adce110a0 Unloading class 0x0000024a9c668800 'java/lang/invoke/LambdaForm$MH+0x0000024a9c668800'
Event: 9.266 Thread 0x0000024adce110a0 Unloading class 0x0000024a9c668000 'java/lang/invoke/LambdaForm$MH+0x0000024a9c668000'

Classes redefined (0 events):
No events

Internal exceptions (20 events):
Event: 1333.435 Thread 0x0000024ae44091c0 Exception <a 'sun/nio/fs/WindowsException'{0x00000000d571cd98}> (0x00000000d571cd98) 
thrown [s\src\hotspot\share\prims\jni.cpp, line 520]
Event: 1333.435 Thread 0x0000024ae44091c0 Exception <a 'sun/nio/fs/WindowsException'{0x00000000d571d880}> (0x00000000d571d880) 
thrown [s\src\hotspot\share\prims\jni.cpp, line 520]
Event: 1333.507 Thread 0x0000024ae44091c0 Exception <a 'sun/nio/fs/WindowsException'{0x00000000d5a43fa8}> (0x00000000d5a43fa8) 
thrown [s\src\hotspot\share\prims\jni.cpp, line 520]
Event: 1333.507 Thread 0x0000024ae44091c0 Exception <a 'sun/nio/fs/WindowsException'{0x00000000d5a44a90}> (0x00000000d5a44a90) 
thrown [s\src\hotspot\share\prims\jni.cpp, line 520]
Event: 1333.572 Thread 0x0000024ae44091c0 Exception <a 'sun/nio/fs/WindowsException'{0x00000000d5ee52a0}> (0x00000000d5ee52a0) 
thrown [s\src\hotspot\share\prims\jni.cpp, line 520]
Event: 1333.572 Thread 0x0000024ae44091c0 Exception <a 'sun/nio/fs/WindowsException'{0x00000000d5ee5d88}> (0x00000000d5ee5d88) 
thrown [s\src\hotspot\share\prims\jni.cpp, line 520]
Event: 1333.635 Thread 0x0000024ae44091c0 Exception <a 'sun/nio/fs/WindowsException'{0x00000000d5705a48}> (0x00000000d5705a48) 
thrown [s\src\hotspot\share\prims\jni.cpp, line 520]
Event: 1333.635 Thread 0x0000024ae44091c0 Exception <a 'sun/nio/fs/WindowsException'{0x00000000d5706530}> (0x00000000d5706530) 
thrown [s\src\hotspot\share\prims\jni.cpp, line 520]
Event: 1333.661 Thread 0x0000024ae44091c0 Exception <a 'sun/nio/fs/WindowsException'{0x00000000d60d0a38}> (0x00000000d60d0a38) 
thrown [s\src\hotspot\share\prims\jni.cpp, line 520]
Event: 1333.661 Thread 0x0000024ae44091c0 Exception <a 'sun/nio/fs/WindowsException'{0x00000000d60d1520}> (0x00000000d60d1520) 
thrown [s\src\hotspot\share\prims\jni.cpp, line 520]
Event: 1333.676 Thread 0x0000024ae44091c0 Exception <a 'sun/nio/fs/WindowsException'{0x00000000d5ae9ba8}> (0x00000000d5ae9ba8) 
thrown [s\src\hotspot\share\prims\jni.cpp, line 520]
Event: 1333.676 Thread 0x0000024ae44091c0 Exception <a 'sun/nio/fs/WindowsException'{0x00000000d5aea690}> (0x00000000d5aea690) 
thrown [s\src\hotspot\share\prims\jni.cpp, line 520]
Event: 1334.060 Thread 0x0000024ae44091c0 Exception <a 'sun/nio/fs/WindowsException'{0x00000000d5b32a48}> (0x00000000d5b32a48) 
thrown [s\src\hotspot\share\prims\jni.cpp, line 520]
Event: 1334.060 Thread 0x0000024ae44091c0 Exception <a 'sun/nio/fs/WindowsException'{0x00000000d5b33530}> (0x00000000d5b33530) 
thrown [s\src\hotspot\share\prims\jni.cpp, line 520]
Event: 1334.139 Thread 0x0000024ae44091c0 Exception <a 'sun/nio/fs/WindowsException'{0x00000000d5b01960}> (0x00000000d5b01960) 
thrown [s\src\hotspot\share\prims\jni.cpp, line 520]
Event: 1334.139 Thread 0x0000024ae44091c0 Exception <a 'sun/nio/fs/WindowsException'{0x00000000d5b02448}> (0x00000000d5b02448) 
thrown [s\src\hotspot\share\prims\jni.cpp, line 520]
Event: 1334.239 Thread 0x0000024ae44091c0 Exception <a 'sun/nio/fs/WindowsException'{0x00000000d5fd1b50}> (0x00000000d5fd1b50) 
thrown [s\src\hotspot\share\prims\jni.cpp, line 520]
Event: 1334.239 Thread 0x0000024ae44091c0 Exception <a 'sun/nio/fs/WindowsException'{0x00000000d5fd2638}> (0x00000000d5fd2638) 
thrown [s\src\hotspot\share\prims\jni.cpp, line 520]
Event: 1334.477 Thread 0x0000024ae44091c0 Exception <a 'sun/nio/fs/WindowsException'{0x00000000d57c7b40}> (0x00000000d57c7b40) 
thrown [s\src\hotspot\share\prims\jni.cpp, line 520]
Event: 1334.477 Thread 0x0000024ae44091c0 Exception <a 'sun/nio/fs/WindowsException'{0x00000000d57c8628}> (0x00000000d57c8628) 
thrown [s\src\hotspot\share\prims\jni.cpp, line 520]

ZGC Phase Switch (0 events):
No events

VM Operations (20 events):
Event: 5714.371 Executing VM operation: HandshakeAllThreads (HandshakeForDeflation)
Event: 5714.377 Executing VM operation: HandshakeAllThreads (HandshakeForDeflation) done
Event: 5714.377 Executing VM operation: RendezvousGCThreads
Event: 5714.377 Executing VM operation: RendezvousGCThreads done
Event: 5774.446 Executing VM operation: HandshakeAllThreads (HandshakeForDeflation)
Event: 5774.449 Executing VM operation: HandshakeAllThreads (HandshakeForDeflation) done
Event: 5774.449 Executing VM operation: RendezvousGCThreads
Event: 5774.449 Executing VM operation: RendezvousGCThreads done
Event: 5834.484 Executing VM operation: HandshakeAllThreads (HandshakeForDeflation)
Event: 5834.488 Executing VM operation: HandshakeAllThreads (HandshakeForDeflation) done
Event: 5834.489 Executing VM operation: RendezvousGCThreads
Event: 5834.489 Executing VM operation: RendezvousGCThreads done
Event: 5894.570 Executing VM operation: HandshakeAllThreads (HandshakeForDeflation)
Event: 5894.574 Executing VM operation: HandshakeAllThreads (HandshakeForDeflation) done
Event: 5894.574 Executing VM operation: RendezvousGCThreads
Event: 5894.574 Executing VM operation: RendezvousGCThreads done
Event: 5954.703 Executing VM operation: HandshakeAllThreads (HandshakeForDeflation)
Event: 5954.707 Executing VM operation: HandshakeAllThreads (HandshakeForDeflation) done
Event: 5954.708 Executing VM operation: RendezvousGCThreads
Event: 5954.708 Executing VM operation: RendezvousGCThreads done

Memory protections (0 events):
No events

Nmethod flushes (20 events):
Event: 9.284 Thread 0x0000024adce110a0 flushing  nmethod 0x0000024a87a8ae10
Event: 9.284 Thread 0x0000024adce110a0 flushing  nmethod 0x0000024a87aa2b90
Event: 9.284 Thread 0x0000024adce110a0 flushing  nmethod 0x0000024a87aa3290
Event: 9.284 Thread 0x0000024adce110a0 flushing  nmethod 0x0000024a87aa3890
Event: 9.284 Thread 0x0000024adce110a0 flushing  nmethod 0x0000024a87aa4110
Event: 9.284 Thread 0x0000024adce110a0 flushing  nmethod 0x0000024a87aa4710
Event: 9.284 Thread 0x0000024adce110a0 flushing  nmethod 0x0000024a87aa5f10
Event: 9.284 Thread 0x0000024adce110a0 flushing  nmethod 0x0000024a87ab7690
Event: 9.284 Thread 0x0000024adce110a0 flushing  nmethod 0x0000024a87abbe10
Event: 9.284 Thread 0x0000024adce110a0 flushing  nmethod 0x0000024a87acf910
Event: 9.284 Thread 0x0000024adce110a0 flushing  nmethod 0x0000024a87acff10
Event: 9.284 Thread 0x0000024adce110a0 flushing  nmethod 0x0000024a87ae3910
Event: 9.284 Thread 0x0000024adce110a0 flushing  nmethod 0x0000024a87af2410
Event: 9.284 Thread 0x0000024adce110a0 flushing  nmethod 0x0000024a87b44410
Event: 9.284 Thread 0x0000024adce110a0 flushing  nmethod 0x0000024a87b4b190
Event: 9.284 Thread 0x0000024adce110a0 flushing  nmethod 0x0000024a87b51b10
Event: 9.284 Thread 0x0000024adce110a0 flushing  nmethod 0x0000024a87b55710
Event: 9.284 Thread 0x0000024adce110a0 flushing  nmethod 0x0000024a87b75690
Event: 9.284 Thread 0x0000024adce110a0 flushing  nmethod 0x0000024a87b75b90
Event: 9.284 Thread 0x0000024adce110a0 flushing  nmethod 0x0000024a87b7aa90

Events (20 events):
Event: 1333.618 Thread 0x0000024ae5ea0fe0 Thread exited: 0x0000024ae5ea0fe0
Event: 1334.108 Thread 0x0000024ae44091c0 Thread added: 0x0000024ae5ea0fe0
Event: 1334.108 Thread 0x0000024ae5ea0fe0 Thread exited: 0x0000024ae5ea0fe0
Event: 1334.111 Thread 0x0000024ae44091c0 Thread added: 0x0000024ae5ea0fe0
Event: 1334.112 Thread 0x0000024ae5ea0fe0 Thread exited: 0x0000024ae5ea0fe0
Event: 1337.536 Thread 0x0000024ae55e6460 Thread exited: 0x0000024ae55e6460
Event: 1338.635 Thread 0x0000024ae5ea4460 Thread exited: 0x0000024ae5ea4460
Event: 1342.540 Thread 0x0000024ae55e5d90 Thread exited: 0x0000024ae55e5d90
Event: 1347.616 Thread 0x0000024ae440bfb0 Thread exited: 0x0000024ae440bfb0
Event: 1394.495 Thread 0x0000024ae44091c0 Thread exited: 0x0000024ae44091c0
Event: 2734.970 Thread 0x0000024ae5ea30b0 Thread added: 0x0000024ae5ea4460
Event: 2735.260 Thread 0x0000024ae5ea4460 Thread added: 0x0000024ae5ea0fe0
Event: 2735.263 Thread 0x0000024ae5ea0fe0 Thread added: 0x0000024ae5ea5ea0
Event: 2735.265 Thread 0x0000024ae5ea5ea0 Thread added: 0x0000024ae5ea7250
Event: 2735.872 Thread 0x0000024a8403e670 Thread added: 0x0000024ae5ddc2b0
Event: 2741.325 Thread 0x0000024ae5ddc2b0 Thread exited: 0x0000024ae5ddc2b0
Event: 2796.379 Thread 0x0000024ae5ea4460 Thread exited: 0x0000024ae5ea4460
Event: 2856.390 Thread 0x0000024ae5ea5ea0 Thread exited: 0x0000024ae5ea5ea0
Event: 2916.391 Thread 0x0000024ae5ea0fe0 Thread exited: 0x0000024ae5ea0fe0
Event: 2976.396 Thread 0x0000024ae5ea7250 Thread exited: 0x0000024ae5ea7250


Dynamic libraries:
0x00007ff7310a0000 - 0x00007ff7310ae000 	c:\Users\Himan\.vscode\extensions\redhat.java-1.52.0-win32-x64\jre\21.0.9-win32-x86_64\bin\java.exe
0x00007ff92db40000 - 0x00007ff92dda8000 	C:\WINDOWS\SYSTEM32\ntdll.dll
0x00007ff92d2e0000 - 0x00007ff92d3a9000 	C:\WINDOWS\System32\KERNEL32.DLL
0x00007ff92a610000 - 0x00007ff92aa01000 	C:\WINDOWS\System32\KERNELBASE.dll
0x00007ff926ad0000 - 0x00007ff926b6e000 	C:\WINDOWS\SYSTEM32\apphelp.dll
0x00007ff92b280000 - 0x00007ff92b3cb000 	C:\WINDOWS\System32\ucrtbase.dll
0x00007ff90d1c0000 - 0x00007ff90d1d8000 	c:\Users\Himan\.vscode\extensions\redhat.java-1.52.0-win32-x64\jre\21.0.9-win32-x86_64\bin\jli.dll
0x00007ff91adf0000 - 0x00007ff91ae0e000 	c:\Users\Himan\.vscode\extensions\redhat.java-1.52.0-win32-x64\jre\21.0.9-win32-x86_64\bin\VCRUNTIME140.dll
0x00007ff92cd60000 - 0x00007ff92cf26000 	C:\WINDOWS\System32\USER32.dll
0x00007ff929520000 - 0x00007ff9297b3000 	C:\WINDOWS\WinSxS\amd64_microsoft.windows.common-controls_6595b64144ccf1df_6.0.26100.7824_none_3e0870b2e3345462\COMCTL32.dll
0x00007ff92b3d0000 - 0x00007ff92b3f7000 	C:\WINDOWS\System32\win32u.dll
0x00007ff92ccb0000 - 0x00007ff92cd59000 	C:\WINDOWS\System32\msvcrt.dll
0x00007ff92dad0000 - 0x00007ff92dafb000 	C:\WINDOWS\System32\GDI32.dll
0x00007ff92a4e0000 - 0x00007ff92a60b000 	C:\WINDOWS\System32\gdi32full.dll
0x00007ff92b830000 - 0x00007ff92b8d3000 	C:\WINDOWS\System32\msvcp_win.dll
0x00007ff92c5c0000 - 0x00007ff92c5f1000 	C:\WINDOWS\System32\IMM32.DLL
0x00007ff924b00000 - 0x00007ff924b0c000 	c:\Users\Himan\.vscode\extensions\redhat.java-1.52.0-win32-x64\jre\21.0.9-win32-x86_64\bin\vcruntime140_1.dll
0x00007ff8f10e0000 - 0x00007ff8f116d000 	c:\Users\Himan\.vscode\extensions\redhat.java-1.52.0-win32-x64\jre\21.0.9-win32-x86_64\bin\msvcp140.dll
0x00007ff85a120000 - 0x00007ff85aec0000 	c:\Users\Himan\.vscode\extensions\redhat.java-1.52.0-win32-x64\jre\21.0.9-win32-x86_64\bin\server\jvm.dll
0x00007ff92d490000 - 0x00007ff92d544000 	C:\WINDOWS\System32\ADVAPI32.dll
0x00007ff92d3b0000 - 0x00007ff92d456000 	C:\WINDOWS\System32\sechost.dll
0x00007ff92c690000 - 0x00007ff92c7a8000 	C:\WINDOWS\System32\RPCRT4.dll
0x00007ff92d560000 - 0x00007ff92d5d4000 	C:\WINDOWS\System32\WS2_32.dll
0x00007ff92a0d0000 - 0x00007ff92a12e000 	C:\WINDOWS\SYSTEM32\POWRPROF.dll
0x00007ff921f30000 - 0x00007ff921f3b000 	C:\WINDOWS\SYSTEM32\VERSION.dll
0x00007ff921800000 - 0x00007ff921835000 	C:\WINDOWS\SYSTEM32\WINMM.dll
0x00007ff92a0b0000 - 0x00007ff92a0c4000 	C:\WINDOWS\SYSTEM32\UMPDC.dll
0x00007ff928890000 - 0x00007ff9288ab000 	C:\WINDOWS\SYSTEM32\kernel.appcore.dll
0x00007ff91ae70000 - 0x00007ff91ae7a000 	c:\Users\Himan\.vscode\extensions\redhat.java-1.52.0-win32-x64\jre\21.0.9-win32-x86_64\bin\jimage.dll
0x00007ff929c60000 - 0x00007ff929ea2000 	C:\WINDOWS\SYSTEM32\DBGHELP.DLL
0x00007ff92bac0000 - 0x00007ff92be46000 	C:\WINDOWS\System32\combase.dll
0x00007ff92ca60000 - 0x00007ff92cb37000 	C:\WINDOWS\System32\OLEAUT32.dll
0x00007ff929b30000 - 0x00007ff929b6b000 	C:\WINDOWS\SYSTEM32\dbgcore.DLL
0x00007ff92b570000 - 0x00007ff92b615000 	C:\WINDOWS\System32\bcryptPrimitives.dll
0x00007ff90d140000 - 0x00007ff90d14f000 	c:\Users\Himan\.vscode\extensions\redhat.java-1.52.0-win32-x64\jre\21.0.9-win32-x86_64\bin\instrument.dll
0x00007ff8f1d00000 - 0x00007ff8f1d20000 	c:\Users\Himan\.vscode\extensions\redhat.java-1.52.0-win32-x64\jre\21.0.9-win32-x86_64\bin\java.dll
0x00007ff92be50000 - 0x00007ff92c5a2000 	C:\WINDOWS\System32\SHELL32.dll
0x00007ff92b400000 - 0x00007ff92b56a000 	C:\WINDOWS\System32\wintypes.dll
0x00007ff92aa10000 - 0x00007ff92b273000 	C:\WINDOWS\System32\windows.storage.dll
0x00007ff92cbb0000 - 0x00007ff92cca6000 	C:\WINDOWS\System32\SHCORE.dll
0x00007ff92cb40000 - 0x00007ff92cba7000 	C:\WINDOWS\System32\shlwapi.dll
0x00007ff92a340000 - 0x00007ff92a369000 	C:\WINDOWS\SYSTEM32\profapi.dll
0x00007ff91ae80000 - 0x00007ff91ae98000 	c:\Users\Himan\.vscode\extensions\redhat.java-1.52.0-win32-x64\jre\21.0.9-win32-x86_64\bin\zip.dll
0x00007ff8fd3b0000 - 0x00007ff8fd3c0000 	C:\Users\Himan\.vscode\extensions\redhat.java-1.52.0-win32-x64\jre\21.0.9-win32-x86_64\bin\net.dll
0x00007ff924070000 - 0x00007ff924197000 	C:\WINDOWS\SYSTEM32\WINHTTP.dll
0x00007ff928dc0000 - 0x00007ff928e2b000 	C:\WINDOWS\system32\mswsock.dll
0x00007ff8fd390000 - 0x00007ff8fd3a6000 	C:\Users\Himan\.vscode\extensions\redhat.java-1.52.0-win32-x64\jre\21.0.9-win32-x86_64\bin\nio.dll
0x00007ff8fd2c0000 - 0x00007ff8fd2d0000 	c:\Users\Himan\.vscode\extensions\redhat.java-1.52.0-win32-x64\jre\21.0.9-win32-x86_64\bin\verify.dll
0x00007ff8f0f70000 - 0x00007ff8f0fb5000 	C:\Users\Himan\AppData\Roaming\Code\User\globalStorage\redhat.java\1.52.0\config_win\org.eclipse.equinox.launcher\org.eclipse.equinox.launcher.win32.win32.x86_64_1.2.1500.v20260121-1430\eclipse_11919.dll
0x00007ff92cfc0000 - 0x00007ff92d157000 	C:\WINDOWS\System32\ole32.dll
0x00007ff929fb0000 - 0x00007ff929fcb000 	C:\WINDOWS\SYSTEM32\CRYPTSP.dll
0x00007ff9291a0000 - 0x00007ff9291d9000 	C:\WINDOWS\system32\rsaenh.dll
0x00007ff928e30000 - 0x00007ff928e5b000 	C:\WINDOWS\SYSTEM32\USERENV.dll
0x00007ff92a310000 - 0x00007ff92a33a000 	C:\WINDOWS\SYSTEM32\bcrypt.dll
0x00007ff929190000 - 0x00007ff92919c000 	C:\WINDOWS\SYSTEM32\CRYPTBASE.dll
0x00007ff9282e0000 - 0x00007ff928314000 	C:\WINDOWS\SYSTEM32\IPHLPAPI.DLL
0x00007ff92cf30000 - 0x00007ff92cf3a000 	C:\WINDOWS\System32\NSI.dll
0x00007ff8f0ed0000 - 0x00007ff8f0f19000 	C:\Users\Himan\AppData\Local\Temp\jna-69729433\jna6314874162125651210.dll
0x00007ff92c5b0000 - 0x00007ff92c5b8000 	C:\WINDOWS\System32\PSAPI.DLL
0x00007ff924360000 - 0x00007ff92437e000 	C:\WINDOWS\SYSTEM32\dhcpcsvc6.DLL
0x00007ff9242b0000 - 0x00007ff9242d3000 	C:\WINDOWS\SYSTEM32\dhcpcsvc.DLL
0x00007ff924b50000 - 0x00007ff924b5e000 	C:\Users\Himan\.vscode\extensions\redhat.java-1.52.0-win32-x64\jre\21.0.9-win32-x86_64\bin\sunmscapi.dll
0x00007ff92b620000 - 0x00007ff92b797000 	C:\WINDOWS\System32\CRYPT32.dll
0x00007ff9294e0000 - 0x00007ff929510000 	C:\WINDOWS\SYSTEM32\ncrypt.dll
0x00007ff929490000 - 0x00007ff9294cf000 	C:\WINDOWS\SYSTEM32\NTASN1.dll
0x00007ff928380000 - 0x00007ff9284ac000 	C:\WINDOWS\SYSTEM32\DNSAPI.dll
0x00007ff923050000 - 0x00007ff92305b000 	C:\Windows\System32\rasadhlp.dll
0x00007ff924500000 - 0x00007ff924586000 	C:\WINDOWS\System32\fwpuclnt.dll
0x00007ff924b20000 - 0x00007ff924b29000 	C:\Users\Himan\.vscode\extensions\redhat.java-1.52.0-win32-x64\jre\21.0.9-win32-x86_64\bin\extnet.dll

JVMTI agents:
c:\Users\Himan\.vscode\extensions\redhat.java-1.52.0-win32-x64\lombok\lombok-1.18.39-4050.jar path:c:\Users\Himan\.vscode\extensions\redhat.java-1.52.0-win32-x64\jre\21.0.9-win32-x86_64\bin\instrument.dll, loaded, initialized, instrumentlib options:none

dbghelp: loaded successfully - version: 4.0.5 - missing functions: none
symbol engine: initialized successfully - sym options: 0x614 - pdb path: .;c:\Users\Himan\.vscode\extensions\redhat.java-1.52.0-win32-x64\jre\21.0.9-win32-x86_64\bin;C:\WINDOWS\SYSTEM32;C:\WINDOWS\WinSxS\amd64_microsoft.windows.common-controls_6595b64144ccf1df_6.0.26100.7824_none_3e0870b2e3345462;c:\Users\Himan\.vscode\extensions\redhat.java-1.52.0-win32-x64\jre\21.0.9-win32-x86_64\bin\server;C:\Users\Himan\AppData\Roaming\Code\User\globalStorage\redhat.java\1.52.0\config_win\org.eclipse.equinox.launcher\org.eclipse.equinox.launcher.win32.win32.x86_64_1.2.1500.v20260121-1430;C:\Users\Himan\AppData\Local\Temp\jna-69729433

VM Arguments:
jvm_args: --add-modules=ALL-SYSTEM --add-opens=java.base/java.util=ALL-UNNAMED --add-opens=java.base/java.lang=ALL-UNNAMED --add-opens=java.base/sun.nio.fs=ALL-UNNAMED -Declipse.application=org.eclipse.jdt.ls.core.id1 -Dosgi.bundles.defaultStartLevel=4 -Declipse.product=org.eclipse.jdt.ls.core.product -Djava.import.generatesMetadataFilesAtProjectRoot=false -DDetectVMInstallationsJob.disabled=true -Dfile.encoding=utf8 -XX:+UseParallelGC -XX:GCTimeRatio=4 -XX:AdaptiveSizePolicyWeight=90 -Dsun.zip.disableMemoryMapping=true -Xmx2G -Xms100m -Xlog:disable -javaagent:c:\Users\Himan\.vscode\extensions\redhat.java-1.52.0-win32-x64\lombok\lombok-1.18.39-4050.jar -XX:+HeapDumpOnOutOfMemoryError -XX:HeapDumpPath=c:\Users\Himan\AppData\Roaming\Code\User\workspaceStorage\aaa7330335901317ab04cd2b62485547\redhat.java -Daether.dependencyCollector.impl=bf 
java_command: c:\Users\Himan\.vscode\extensions\redhat.java-1.52.0-win32-x64\server\plugins\org.eclipse.equinox.launcher_1.7.100.v20251111-0406.jar -configuration c:\Users\Himan\AppData\Roaming\Code\User\globalStorage\redhat.java\1.52.0\config_win -data c:\Users\Himan\AppData\Roaming\Code\User\workspaceStorage\aaa7330335901317ab04cd2b62485547\redhat.java\jdt_ws --pipe=\\.\pipe\lsp-f605f11a8250881607030ee399c7aec7-sock
java_class_path (initial): c:\Users\Himan\.vscode\extensions\redhat.java-1.52.0-win32-x64\server\plugins\org.eclipse.equinox.launcher_1.7.100.v20251111-0406.jar
Launcher Type: SUN_STANDARD

[Global flags]
    uintx AdaptiveSizePolicyWeight                 = 90                                        {product} {command line}
     intx CICompilerCount                          = 4                                         {product} {ergonomic}
    uintx GCTimeRatio                              = 4                                         {product} {command line}
     bool HeapDumpOnOutOfMemoryError               = true                                   {manageable} {command line}
    ccstr HeapDumpPath                             = c:\Users\Himan\AppData\Roaming\Code\User\workspaceStorage\aaa7330335901317ab04cd2b62485547\redhat.java         {manageable} {command line}
   size_t InitialHeapSize                          = 104857600                                 {product} {command line}
   size_t MaxHeapSize                              = 2147483648                                {product} {command line}
   size_t MaxNewSize                               = 715653120                                 {product} {ergonomic}
   size_t MinHeapDeltaBytes                        = 524288                                    {product} {ergonomic}
   size_t MinHeapSize                              = 104857600                                 {product} {command line}
   size_t NewSize                                  = 34603008                                  {product} {ergonomic}
    uintx NonNMethodCodeHeapSize                   = 5839372                                {pd product} {ergonomic}
    uintx NonProfiledCodeHeapSize                  = 122909434                              {pd product} {ergonomic}
   size_t OldSize                                  = 70254592                                  {product} {ergonomic}
    uintx ProfiledCodeHeapSize                     = 122909434                              {pd product} {ergonomic}
    uintx ReservedCodeCacheSize                    = 251658240                              {pd product} {ergonomic}
     bool SegmentedCodeCache                       = true                                      {product} {ergonomic}
   size_t SoftMaxHeapSize                          = 2147483648                             {manageable} {ergonomic}
     bool UseCompressedOops                        = true                           {product lp64_product} {ergonomic}
     bool UseLargePagesIndividualAllocation        = false                                  {pd product} {ergonomic}
     bool UseParallelGC                            = true                                      {product} {command line}

Logging:
Log output configuration:
 #0: stdout all=off uptime,level,tags foldmultilines=false
 #1: stderr all=off uptime,level,tags foldmultilines=false

Release file:
JAVA_VERSION="21.0.9" 
MODULES="java.base java.compiler java.datatransfer java.xml java.prefs java.desktop java.instrument java.logging java.management java.security.sasl java.naming java.rmi java.management.rmi java.net.http java.scripting java.security.jgss java.transaction.xa java.sql java.sql.rowset java.xml.crypto java.se java.smartcardio jdk.accessibility jdk.internal.jvmstat jdk.attach jdk.charsets jdk.internal.opt jdk.zipfs jdk.compiler jdk.crypto.ec jdk.crypto.cryptoki jdk.crypto.mscapi jdk.dynalink jdk.internal.ed jdk.editpad jdk.hotspot.agent jdk.httpserver jdk.internal.le jdk.internal.vm.ci jdk.internal.vm.compiler jdk.internal.vm.compiler.management jdk.jartool jdk.javadoc jdk.jcmd jdk.management jdk.management.agent jdk.jconsole jdk.jdeps jdk.jdwp.agent jdk.jdi jdk.jfr jdk.jshell jdk.jsobject jdk.jstatd jdk.localedata jdk.management.jfr jdk.naming.dns jdk.naming.rmi jdk.net jdk.nio.mapmode jdk.random jdk.sctp jdk.security.auth jdk.security.jgss jdk.unsupported jdk.unsupported.desktop jdk.xml.dom" 

Environment Variables:
PATH=C:\Python314\Scripts\;C:\Python314\;C:\Program Files\Common Files\Oracle\Java\javapath;C:\Windows\system32;C:\Windows;C:\Windows\System32\Wbem;C:\Windows\System32\WindowsPowerShell\v1.0\;C:\Windows\System32\OpenSSH\;C:\Program Files (x86)\NVIDIA Corporation\PhysX\Common;C:\Program Files\NVIDIA Corporation\NVIDIA NvDLISR;C:\Program Files\Java\jdk-22\bin;C:\Users\Himan\OneDrive\Desktop\New folder;C:\Program Files\Java\jdk-23\bin;C:\Program Files (x86)\Microsoft SQL Server\160\Tools\Binn\;C:\Program Files\Microsoft SQL Server\160\Tools\Binn\;C:\Program Files\Microsoft SQL Server\Client SDK\ODBC\170\Tools\Binn\;C:\Program Files\Microsoft SQL Server\160\DTS\Binn\;C:\Program Files\GitHub CLI\;C:\WINDOWS\system32;C:\WINDOWS;C:\WINDOWS\System32\Wbem;C:\WINDOWS\System32\WindowsPowerShell\v1.0\;C:\WINDOWS\System32\OpenSSH\;D:\apache-maven-3.9.11-bin\apache-maven-3.9.11\bin;C:\Program Files\Git\cmd;D:\Games\apache-maven-3.9.12-bin\apache-maven-3.9.12\bin;D:\postgre_sql\bin;;C:\ProgramData\chocolatey\bin;D:\Games\node\;C:\Program Files\Docker\Docker\resources\bin;C:\Program Files\MySQL\MySQL Shell 8.0\bin\;C:\Users\Himan\AppData\Local\Microsoft\WindowsApps;C:\Program Files\JetBrains\IntelliJ IDEA 2024.2.2\bin;;C:\Users\Himan\AppData\Roaming\npm;D:\vscode\Microsoft VS Code\bin
USERNAME=Himan
OS=Windows_NT
PROCESSOR_IDENTIFIER=AMD64 Family 25 Model 116 Stepping 1, AuthenticAMD
TMP=C:\Users\Himan\AppData\Local\Temp
TEMP=C:\Users\Himan\AppData\Local\Temp




Periodic native trim disabled

---------------  S Y S T E M  ---------------

OS:
 Windows 11 , 64 bit Build 26100 (10.0.26100.7705)
OS uptime: 0 days 2:03 hours
Hyper-V role detected

CPU: total 12 (initial active 12) (12 cores per cpu, 2 threads per core) family 25 model 116 stepping 1 microcode 0xa704107, cx8, cmov, fxsr, ht, mmx, 3dnowpref, sse, sse2, sse3, ssse3, sse4a, sse4.1, sse4.2, popcnt, lzcnt, tsc, tscinvbit, avx, avx2, aes, erms, clmul, bmi1, bmi2, adx, avx512f, avx512dq, avx512cd, avx512bw, avx512vl, sha, fma, vzeroupper, avx512_vpopcntdq, avx512_vpclmulqdq, avx512_vaes, avx512_vnni, clflush, clflushopt, avx512_vbmi2, avx512_vbmi, hv, rdtscp, rdpid, fsrm, gfni, avx512_bitalg, f16c, cet_ss, avx512_ifma
Processor Information for processor 0
  Max Mhz: 4301, Current Mhz: 3430, Mhz Limit: 4301
Processor Information for processor 1
  Max Mhz: 4301, Current Mhz: 3430, Mhz Limit: 4301
Processor Information for processor 2
  Max Mhz: 4301, Current Mhz: 3430, Mhz Limit: 4301
Processor Information for processor 3
  Max Mhz: 4301, Current Mhz: 3430, Mhz Limit: 4301
Processor Information for processor 4
  Max Mhz: 4301, Current Mhz: 3430, Mhz Limit: 4301
Processor Information for processor 5
  Max Mhz: 4301, Current Mhz: 3430, Mhz Limit: 4301
Processor Information for processor 6
  Max Mhz: 4301, Current Mhz: 3430, Mhz Limit: 4301
Processor Information for processor 7
  Max Mhz: 4301, Current Mhz: 3430, Mhz Limit: 4301
Processor Information for processor 8
  Max Mhz: 4301, Current Mhz: 3430, Mhz Limit: 4301
Processor Information for processor 9
  Max Mhz: 4301, Current Mhz: 4301, Mhz Limit: 4301
Processor Information for processor 10
  Max Mhz: 4301, Current Mhz: 3430, Mhz Limit: 4301
Processor Information for processor 11
  Max Mhz: 4301, Current Mhz: 3430, Mhz Limit: 4301

Memory: 4k page, system-wide physical 7484M (359M free)
TotalPageFile size 26368M (AvailPageFile size 0M)
current process WorkingSet (physical memory assigned to process): 7M, peak: 473M
current process commit charge ("private bytes"): 578M, peak: 582M

vm_info: OpenJDK 64-Bit Server VM (21.0.9+10-LTS) for windows-amd64 JRE (21.0.9+10-LTS), built on 2025-10-21T00:00:00Z by "admin" with unknown MS VC++:1942

END.
